Dr. Memory version 2.5.0 build 0 built on Oct 18 2021 03:01:22
start time: 3692546:20:26.079 == 02:20:26.079 03/31/2022
Recorded 124 suppression(s) from default C:\Program Files (x86)\Dr. Memory\bin64\suppress-default.txt
Recorded 1 suppression(s) from user C:\Program Files (x86)\Dr. Memory\bin64\suppress.txt
Using system call file C:\Users\arthu\AppData\Roaming\Dr. Memory\symcache\syscalls_x64.txt
Syscall mismatch detected.  Running on unknown kernel version!
C:\Users\arthu\AppData\Roaming\Dr. Memory\symcache\syscalls_x64.txt does not contain an entry for this kernel.
System call information is missing for this operating system: WinVer=105;Rel=2009;Build=22581;Edition=Professional.
new thread #0 id=19900

module load event: "dynamorio.dll" 0x0000000071000000-0x00000000711bf000 modid: 1 C:\Program Files (x86)\Dr. Memory\dynamorio\lib64\release\dynamorio.dll

module load event: "drmemorylib.dll" 0x00007ff67c4b0000-0x00007ff67c75d000 modid: 2 C:\Program Files (x86)\Dr. Memory\bin64\release\drmemorylib.dll

module load event: "Lista2Ex5.exe" 0x00007ff6ec480000-0x00007ff6ec4a4000 modid: 3 C:\Users\arthu\OneDrive\ufpel\EAD\AED I\AED-I-M2\Lista2Ex5\cmake-build-debug\Lista2Ex5.exe

module load event: "KERNELBASE.dll" 0x00007ffab8ed0000-0x00007ffab926b000 modid: 4 C:\WINDOWS\System32\KERNELBASE.dll

module load event: "KERNEL32.dll" 0x00007ffaba6f0000-0x00007ffaba7b2000 modid: 5 C:\WINDOWS\System32\KERNEL32.DLL

module load event: "msvcrt.dll" 0x00007ffaba7c0000-0x00007ffaba865000 modid: 6 C:\WINDOWS\System32\msvcrt.dll
WARNING: new/delete has no local wrapper => disabling mismatch detection for msvcrt.dll
WARNING: new/delete has no local wrapper => disabling mismatch detection for msvcrt.dll
WARNING: new/delete has no local wrapper => disabling mismatch detection for msvcrt.dll
WARNING: new == new[] => disabling mismatch detection for msvcrt.dll
WARNING: new/delete has no local wrapper => disabling mismatch detection for msvcrt.dll
WARNING: new/delete has no local wrapper => disabling mismatch detection for msvcrt.dll

module load event: "ntdll.dll" 0x00007ffabb450000-0x00007ffabb661000 modid: 7 C:\WINDOWS\SYSTEM32\ntdll.dll
WARNING: fail to find call to RtlFreeStringRoutine
WARNING: fail to find call to RtlFreeStringRoutine
WARNING: fail to find call to RtlFreeStringRoutine
WARNING: unhandled system calls found

module load event: "SECHOST.dll" 0x00007ffabacf0000-0x00007ffabad96000 modid: 8 C:\Windows\System32\sechost.dll
WARNING: unable to load symbols for C:\WINDOWS\SYSTEM32\ntdll.dll

Error #1: POSSIBLE LEAK 108 direct bytes 0x00000242530701c0-0x000002425307022c + 0 indirect bytes
# 0 replace_malloc  [d:\a\drmemory\drmemory\common\alloc_replace.c:2580] (0x00007ff67c4d8060 <drmemorylib.dll+0x28060>) modid:2
# 1 msvcrt.dll!malloc_crt (0x00007ffaba7dcd6b <msvcrt.dll+0x1cd6b>) modid:6
# 2 msvcrt.dll!_setargv   (0x00007ffaba7fed89 <msvcrt.dll+0x3ed89>) modid:6
# 3 msvcrt.dll!_getmainargs (0x00007ffaba7c7d41 <msvcrt.dll+0x7d41>) modid:6
# 4 pre_cpp_init  (0x00007ff6ec4810e9 <Lista2Ex5.exe+0x10e9>) modid:3
# 5 msvcrt.dll!initterm   (0x00007ffaba7fdbbd <msvcrt.dll+0x3dbbd>) modid:6
# 6 __tmainCRTStartup (0x00007ff6ec4812af <Lista2Ex5.exe+0x12af>) modid:3
# 7 .l_start      (0x00007ff6ec481146 <Lista2Ex5.exe+0x1146>) modid:3
# 8 ntdll.dll!RtlUserThreadStart (0x00007ffabb49a958 <ntdll.dll+0x4a958>) modid:7
	error end

Error #2: LEAK 120 direct bytes 0x00000242530708a0-0x0000024253070918 + 0 indirect bytes
# 0 replace_realloc [d:\a\drmemory\drmemory\common\alloc_replace.c:2672] (0x00007ff67c4d8fe0 <drmemorylib.dll+0x28fe0>) modid:2
# 1 main          (0x00007ff6ec481939 <Lista2Ex5.exe+0x1939>) modid:3
	error end
WARNING: unable to load symbols for C:\WINDOWS\System32\KERNELBASE.dll
WARNING: unable to load symbols for C:\WINDOWS\System32\KERNEL32.DLL

NEW THREAD: main thread 19900


Potential Error #1: HANDLE LEAK: KERNEL handle 0x00000000000000dc and 1 similar handle(s) were opened but not closed:
# 0 system call NtCreateUserProcess
# 1 KERNELBASE.dll!CreateProcessInternalW (0x00007ffab8f379a9 <KERNELBASE.dll+0x679a9>) modid:4
# 2 KERNELBASE.dll!CreateProcessInternalA (0x00007ffab8f34afe <KERNELBASE.dll+0x64afe>) modid:4
# 3 KERNELBASE.dll!CreateProcessA (0x00007ffab8f346a6 <KERNELBASE.dll+0x646a6>) modid:4
# 4 KERNEL32.dll!CreateProcessA (0x00007ffaba70e4b4 <KERNEL32.dll+0x1e4b4>) modid:5
# 5 msvcrt.dll!dospawn    (0x00007ffaba7db51e <msvcrt.dll+0x1b51e>) modid:6
# 6 msvcrt.dll!comexecmd  (0x00007ffaba7d92fc <msvcrt.dll+0x192fc>) modid:6
# 7 msvcrt.dll!spawnve    (0x00007ffaba7d916e <msvcrt.dll+0x1916e>) modid:6
# 8 msvcrt.dll!system     (0x00007ffaba7dac60 <msvcrt.dll+0x1ac60>) modid:6
# 9 main          (0x00007ff6ec481a09 <Lista2Ex5.exe+0x1a09>) modid:3
Note: @0:00:24.176 in thread 19900
	error end

Potential Error #2: HANDLE LEAK: KERNEL handle 0x00000000000000ec and 0 similar handle(s) were opened but not closed:
# 0 system call NtOpenProcessToken
# 1 KERNEL32.dll!BasepCheckWinSaferRestrictions (0x00007ffaba701e0c <KERNEL32.dll+0x11e0c>) modid:5
# 2 KERNELBASE.dll!CreateProcessInternalW (0x00007ffab8f388c4 <KERNELBASE.dll+0x688c4>) modid:4
# 3 KERNELBASE.dll!CreateProcessInternalA (0x00007ffab8f34afe <KERNELBASE.dll+0x64afe>) modid:4
# 4 KERNELBASE.dll!CreateProcessA (0x00007ffab8f346a6 <KERNELBASE.dll+0x646a6>) modid:4
# 5 KERNEL32.dll!CreateProcessA (0x00007ffaba70e4b4 <KERNEL32.dll+0x1e4b4>) modid:5
# 6 msvcrt.dll!dospawn    (0x00007ffaba7db51e <msvcrt.dll+0x1b51e>) modid:6
# 7 msvcrt.dll!comexecmd  (0x00007ffaba7d92fc <msvcrt.dll+0x192fc>) modid:6
# 8 msvcrt.dll!spawnve    (0x00007ffaba7d916e <msvcrt.dll+0x1916e>) modid:6
# 9 msvcrt.dll!system     (0x00007ffaba7dac60 <msvcrt.dll+0x1ac60>) modid:6
#10 main          (0x00007ff6ec481a09 <Lista2Ex5.exe+0x1a09>) modid:3
Note: @0:00:24.176 in thread 19900
	error end

Potential Error #3: HANDLE LEAK: KERNEL handle 0x00000000000000f8 and 0 similar handle(s) were opened but not closed:
# 0 system call NtOpenKey
# 1 KERNEL32.dll!BasepConstructSxsCreateProcessMessage (0x00007ffaba70099a <KERNEL32.dll+0x1099a>) modid:5
# 2 KERNEL32.dll!GetDateFormatWWorker (0x00007ffaba6ff653 <KERNEL32.dll+0xf653>) modid:5
# 3 KERNEL32.dll!BasepQueryAppCompat (0x00007ffaba6fbea3 <KERNEL32.dll+0xbea3>) modid:5
# 4 KERNELBASE.dll!CreateProcessInternalW (0x00007ffab8f38af7 <KERNELBASE.dll+0x68af7>) modid:4
# 5 KERNELBASE.dll!CreateProcessInternalA (0x00007ffab8f34afe <KERNELBASE.dll+0x64afe>) modid:4
# 6 KERNELBASE.dll!CreateProcessA (0x00007ffab8f346a6 <KERNELBASE.dll+0x646a6>) modid:4
# 7 KERNEL32.dll!CreateProcessA (0x00007ffaba70e4b4 <KERNEL32.dll+0x1e4b4>) modid:5
# 8 msvcrt.dll!dospawn    (0x00007ffaba7db51e <msvcrt.dll+0x1b51e>) modid:6
# 9 msvcrt.dll!comexecmd  (0x00007ffaba7d92fc <msvcrt.dll+0x192fc>) modid:6
#10 msvcrt.dll!spawnve    (0x00007ffaba7d916e <msvcrt.dll+0x1916e>) modid:6
#11 msvcrt.dll!system     (0x00007ffaba7dac60 <msvcrt.dll+0x1ac60>) modid:6
#12 main          (0x00007ff6ec481a09 <Lista2Ex5.exe+0x1a09>) modid:3
Note: @0:00:24.176 in thread 19900
	error end

Potential Error #4: HANDLE LEAK: KERNEL handle 0x000000000000011c and 0 similar handle(s) were opened but not closed:
# 0 system call NtOpenKey
# 1 ntdll.dll!RtlMapGenericMask (0x00007ffabb4cd28a <ntdll.dll+0x7d28a>) modid:7
# 2 ntdll.dll!RtlMapGenericMask (0x00007ffabb4ccf27 <ntdll.dll+0x7cf27>) modid:7
# 3 ntdll.dll!RtlMapGenericMask (0x00007ffabb4cce24 <ntdll.dll+0x7ce24>) modid:7
# 4 ntdll.dll!LdrQueryImageFileExecutionOptionsEx (0x00007ffabb4d2538 <ntdll.dll+0x82538>) modid:7
# 5 KERNELBASE.dll!IsProcessInJob (0x00007ffab8f35113 <KERNELBASE.dll+0x65113>) modid:4
# 6 KERNELBASE.dll!CreateProcessInternalW (0x00007ffab8f377f0 <KERNELBASE.dll+0x677f0>) modid:4
# 7 KERNELBASE.dll!CreateProcessInternalA (0x00007ffab8f34afe <KERNELBASE.dll+0x64afe>) modid:4
# 8 KERNELBASE.dll!CreateProcessA (0x00007ffab8f346a6 <KERNELBASE.dll+0x646a6>) modid:4
# 9 KERNEL32.dll!CreateProcessA (0x00007ffaba70e4b4 <KERNEL32.dll+0x1e4b4>) modid:5
#10 msvcrt.dll!dospawn    (0x00007ffaba7db51e <msvcrt.dll+0x1b51e>) modid:6
#11 msvcrt.dll!comexecmd  (0x00007ffaba7d92fc <msvcrt.dll+0x192fc>) modid:6
#12 msvcrt.dll!spawnve    (0x00007ffaba7d916e <msvcrt.dll+0x1916e>) modid:6
#13 msvcrt.dll!system     (0x00007ffaba7dac60 <msvcrt.dll+0x1ac60>) modid:6
#14 main          (0x00007ff6ec481a09 <Lista2Ex5.exe+0x1a09>) modid:3
Note: @0:00:24.176 in thread 19900
	error end

DUPLICATE ERROR COUNTS:

SUPPRESSIONS USED:
	    58x: Error #2:

ERRORS FOUND:
      0 unique,     0 total unaddressable access(es)
      0 unique,     0 total uninitialized access(es)
      0 unique,     0 total invalid heap argument(s)
      0 unique,     0 total GDI usage error(s)
      0 unique,     0 total handle leak(s)
      0 unique,     0 total warning(s)
      1 unique,     1 total,    120 byte(s) of leak(s)
      1 unique,     1 total,    108 byte(s) of possible leak(s)
ERRORS IGNORED:
      4 potential error(s) (suspected false positives)
         (details: C:\Users\arthu\AppData\Roaming\Dr. Memory\DrMemory-Lista2Ex5.exe.2252.000\potential_errors.txt)
     58 user-suppressed,     0 default-suppressed error(s)
      0 user-suppressed,     0 default-suppressed leak(s)
    122 ignored assumed-innocuous system leak(s)
     18 unique,    18 total,   3023 byte(s) of still-reachable allocation(s)
         (re-run with "-show_reachable" for details)
Details: C:\Users\arthu\AppData\Roaming\Dr. Memory\DrMemory-Lista2Ex5.exe.2252.000\results.txt

DUPLICATE POTENTIAL ERROR COUNTS:

POTENTIAL ERRORS FOUND:
      0 unique,     0 total potential unaddressable access(es)
      0 unique,     0 total potential uninitialized access(es)
      0 unique,     0 total potential invalid heap argument(s)
      0 unique,     0 total potential GDI usage error(s)
      4 unique,     4 total potential handle leak(s)
      0 unique,     0 total potential warning(s)
      0 unique,     0 total,      0 byte(s) of potential leak(s)
      0 unique,     0 total,      0 byte(s) of potential possible leak(s)
Details: C:\Users\arthu\AppData\Roaming\Dr. Memory\DrMemory-Lista2Ex5.exe.2252.000\potential_errors.txt
Exiting @0:00:24.191 in thread 19900
LOG END
